<?xml version="1.0" encoding="UTF-8"?>
<testsuite xmlns:xsi="http://www.w3.org/2001/XMLSchema-instance" xsi:noNamespaceSchemaLocation="https://maven.apache.org/surefire/maven-surefire-plugin/xsd/surefire-test-report.xsd" name="com.firstapp.first.SpringProjectApplicationTests" time="1.793" tests="1" errors="0" skipped="0" failures="0">
  <properties>
    <property name="gopherProxySet" value="false"/>
    <property name="awt.toolkit" value="sun.lwawt.macosx.LWCToolkit"/>
    <property name="file.encoding.pkg" value="sun.io"/>
    <property name="java.specification.version" value="1.8"/>
    <property name="sun.cpu.isalist" value=""/>
    <property name="sun.jnu.encoding" value="UTF-8"/>
    <property name="java.class.path" value="/Users/manismishra/Projects/first/target/test-classes:/Users/manismishra/Projects/first/target/classes:/Users/manismishra/.m2/raptor2/org/springframework/boot/spring-boot-starter/2.5.4/spring-boot-starter-2.5.4.jar:/Users/manismishra/.m2/raptor2/org/springframework/boot/spring-boot/2.5.4/spring-boot-2.5.4.jar:/Users/manismishra/.m2/raptor2/org/springframework/spring-context/5.3.9/spring-context-5.3.9.jar:/Users/manismishra/.m2/raptor2/org/springframework/spring-aop/5.3.9/spring-aop-5.3.9.jar:/Users/manismishra/.m2/raptor2/org/springframework/spring-beans/5.3.9/spring-beans-5.3.9.jar:/Users/manismishra/.m2/raptor2/org/springframework/spring-expression/5.3.9/spring-expression-5.3.9.jar:/Users/manismishra/.m2/raptor2/org/springframework/boot/spring-boot-autoconfigure/2.5.4/spring-boot-autoconfigure-2.5.4.jar:/Users/manismishra/.m2/raptor2/org/springframework/boot/spring-boot-starter-logging/2.5.4/spring-boot-starter-logging-2.5.4.jar:/Users/manismishra/.m2/raptor2/ch/qos/logback/logback-classic/1.2.5/logback-classic-1.2.5.jar:/Users/manismishra/.m2/raptor2/ch/qos/logback/logback-core/1.2.5/logback-core-1.2.5.jar:/Users/manismishra/.m2/raptor2/org/apache/logging/log4j/log4j-to-slf4j/2.14.1/log4j-to-slf4j-2.14.1.jar:/Users/manismishra/.m2/raptor2/org/apache/logging/log4j/log4j-api/2.14.1/log4j-api-2.14.1.jar:/Users/manismishra/.m2/raptor2/org/slf4j/jul-to-slf4j/1.7.32/jul-to-slf4j-1.7.32.jar:/Users/manismishra/.m2/raptor2/jakarta/annotation/jakarta.annotation-api/1.3.5/jakarta.annotation-api-1.3.5.jar:/Users/manismishra/.m2/raptor2/org/springframework/spring-core/5.3.9/spring-core-5.3.9.jar:/Users/manismishra/.m2/raptor2/org/springframework/spring-jcl/5.3.9/spring-jcl-5.3.9.jar:/Users/manismishra/.m2/raptor2/org/yaml/snakeyaml/1.28/snakeyaml-1.28.jar:/Users/manismishra/.m2/raptor2/org/springframework/boot/spring-boot-starter-test/2.5.4/spring-boot-starter-test-2.5.4.jar:/Users/manismishra/.m2/raptor2/org/springframework/boot/spring-boot-test/2.5.4/spring-boot-test-2.5.4.jar:/Users/manismishra/.m2/raptor2/org/springframework/boot/spring-boot-test-autoconfigure/2.5.4/spring-boot-test-autoconfigure-2.5.4.jar:/Users/manismishra/.m2/raptor2/com/jayway/jsonpath/json-path/2.5.0/json-path-2.5.0.jar:/Users/manismishra/.m2/raptor2/net/minidev/json-smart/2.4.7/json-smart-2.4.7.jar:/Users/manismishra/.m2/raptor2/net/minidev/accessors-smart/2.4.7/accessors-smart-2.4.7.jar:/Users/manismishra/.m2/raptor2/org/ow2/asm/asm/9.1/asm-9.1.jar:/Users/manismishra/.m2/raptor2/org/slf4j/slf4j-api/1.7.32/slf4j-api-1.7.32.jar:/Users/manismishra/.m2/raptor2/jakarta/xml/bind/jakarta.xml.bind-api/2.3.3/jakarta.xml.bind-api-2.3.3.jar:/Users/manismishra/.m2/raptor2/jakarta/activation/jakarta.activation-api/1.2.2/jakarta.activation-api-1.2.2.jar:/Users/manismishra/.m2/raptor2/org/assertj/assertj-core/3.19.0/assertj-core-3.19.0.jar:/Users/manismishra/.m2/raptor2/org/hamcrest/hamcrest/2.2/hamcrest-2.2.jar:/Users/manismishra/.m2/raptor2/org/junit/jupiter/junit-jupiter/5.7.2/junit-jupiter-5.7.2.jar:/Users/manismishra/.m2/raptor2/org/junit/jupiter/junit-jupiter-api/5.7.2/junit-jupiter-api-5.7.2.jar:/Users/manismishra/.m2/raptor2/org/apiguardian/apiguardian-api/1.1.0/apiguardian-api-1.1.0.jar:/Users/manismishra/.m2/raptor2/org/opentest4j/opentest4j/1.2.0/opentest4j-1.2.0.jar:/Users/manismishra/.m2/raptor2/org/junit/platform/junit-platform-commons/1.7.2/junit-platform-commons-1.7.2.jar:/Users/manismishra/.m2/raptor2/org/junit/jupiter/junit-jupiter-params/5.7.2/junit-jupiter-params-5.7.2.jar:/Users/manismishra/.m2/raptor2/org/junit/jupiter/junit-jupiter-engine/5.7.2/junit-jupiter-engine-5.7.2.jar:/Users/manismishra/.m2/raptor2/org/junit/platform/junit-platform-engine/1.7.2/junit-platform-engine-1.7.2.jar:/Users/manismishra/.m2/raptor2/org/mockito/mockito-core/3.9.0/mockito-core-3.9.0.jar:/Users/manismishra/.m2/raptor2/net/bytebuddy/byte-buddy/1.10.22/byte-buddy-1.10.22.jar:/Users/manismishra/.m2/raptor2/net/bytebuddy/byte-buddy-agent/1.10.22/byte-buddy-agent-1.10.22.jar:/Users/manismishra/.m2/raptor2/org/objenesis/objenesis/3.2/objenesis-3.2.jar:/Users/manismishra/.m2/raptor2/org/mockito/mockito-junit-jupiter/3.9.0/mockito-junit-jupiter-3.9.0.jar:/Users/manismishra/.m2/raptor2/org/skyscreamer/jsonassert/1.5.0/jsonassert-1.5.0.jar:/Users/manismishra/.m2/raptor2/com/vaadin/external/google/android-json/0.0.20131108.vaadin1/android-json-0.0.20131108.vaadin1.jar:/Users/manismishra/.m2/raptor2/org/springframework/spring-test/5.3.9/spring-test-5.3.9.jar:/Users/manismishra/.m2/raptor2/org/xmlunit/xmlunit-core/2.8.2/xmlunit-core-2.8.2.jar:"/>
    <property name="java.vm.vendor" value="Azul Systems, Inc."/>
    <property name="sun.arch.data.model" value="64"/>
    <property name="java.vendor.url" value="http://www.azulsystems.com/"/>
    <property name="user.timezone" value=""/>
    <property name="java.vm.specification.version" value="1.8"/>
    <property name="os.name" value="Mac OS X"/>
    <property name="user.country" value="IN"/>
    <property name="sun.java.launcher" value="SUN_STANDARD"/>
    <property name="sun.boot.library.path" value="/Library/Java/JavaVirtualMachines/zulu-sa-1.8.0_232.jdk/Contents/Home/jre/lib"/>
    <property name="sun.java.command" value="/Users/manismishra/Projects/first/target/surefire/surefirebooter6017369988070535338.jar /Users/manismishra/Projects/first/target/surefire 2021-08-23T13-34-37_874-jvmRun1 surefire1299681344326444940tmp surefire_07531899836790782498tmp"/>
    <property name="http.nonProxyHosts" value="local|*.local|169.254/16|*.169.254/16"/>
    <property name="surefire.test.class.path" value="/Users/manismishra/Projects/first/target/test-classes:/Users/manismishra/Projects/first/target/classes:/Users/manismishra/.m2/raptor2/org/springframework/boot/spring-boot-starter/2.5.4/spring-boot-starter-2.5.4.jar:/Users/manismishra/.m2/raptor2/org/springframework/boot/spring-boot/2.5.4/spring-boot-2.5.4.jar:/Users/manismishra/.m2/raptor2/org/springframework/spring-context/5.3.9/spring-context-5.3.9.jar:/Users/manismishra/.m2/raptor2/org/springframework/spring-aop/5.3.9/spring-aop-5.3.9.jar:/Users/manismishra/.m2/raptor2/org/springframework/spring-beans/5.3.9/spring-beans-5.3.9.jar:/Users/manismishra/.m2/raptor2/org/springframework/spring-expression/5.3.9/spring-expression-5.3.9.jar:/Users/manismishra/.m2/raptor2/org/springframework/boot/spring-boot-autoconfigure/2.5.4/spring-boot-autoconfigure-2.5.4.jar:/Users/manismishra/.m2/raptor2/org/springframework/boot/spring-boot-starter-logging/2.5.4/spring-boot-starter-logging-2.5.4.jar:/Users/manismishra/.m2/raptor2/ch/qos/logback/logback-classic/1.2.5/logback-classic-1.2.5.jar:/Users/manismishra/.m2/raptor2/ch/qos/logback/logback-core/1.2.5/logback-core-1.2.5.jar:/Users/manismishra/.m2/raptor2/org/apache/logging/log4j/log4j-to-slf4j/2.14.1/log4j-to-slf4j-2.14.1.jar:/Users/manismishra/.m2/raptor2/org/apache/logging/log4j/log4j-api/2.14.1/log4j-api-2.14.1.jar:/Users/manismishra/.m2/raptor2/org/slf4j/jul-to-slf4j/1.7.32/jul-to-slf4j-1.7.32.jar:/Users/manismishra/.m2/raptor2/jakarta/annotation/jakarta.annotation-api/1.3.5/jakarta.annotation-api-1.3.5.jar:/Users/manismishra/.m2/raptor2/org/springframework/spring-core/5.3.9/spring-core-5.3.9.jar:/Users/manismishra/.m2/raptor2/org/springframework/spring-jcl/5.3.9/spring-jcl-5.3.9.jar:/Users/manismishra/.m2/raptor2/org/yaml/snakeyaml/1.28/snakeyaml-1.28.jar:/Users/manismishra/.m2/raptor2/org/springframework/boot/spring-boot-starter-test/2.5.4/spring-boot-starter-test-2.5.4.jar:/Users/manismishra/.m2/raptor2/org/springframework/boot/spring-boot-test/2.5.4/spring-boot-test-2.5.4.jar:/Users/manismishra/.m2/raptor2/org/springframework/boot/spring-boot-test-autoconfigure/2.5.4/spring-boot-test-autoconfigure-2.5.4.jar:/Users/manismishra/.m2/raptor2/com/jayway/jsonpath/json-path/2.5.0/json-path-2.5.0.jar:/Users/manismishra/.m2/raptor2/net/minidev/json-smart/2.4.7/json-smart-2.4.7.jar:/Users/manismishra/.m2/raptor2/net/minidev/accessors-smart/2.4.7/accessors-smart-2.4.7.jar:/Users/manismishra/.m2/raptor2/org/ow2/asm/asm/9.1/asm-9.1.jar:/Users/manismishra/.m2/raptor2/org/slf4j/slf4j-api/1.7.32/slf4j-api-1.7.32.jar:/Users/manismishra/.m2/raptor2/jakarta/xml/bind/jakarta.xml.bind-api/2.3.3/jakarta.xml.bind-api-2.3.3.jar:/Users/manismishra/.m2/raptor2/jakarta/activation/jakarta.activation-api/1.2.2/jakarta.activation-api-1.2.2.jar:/Users/manismishra/.m2/raptor2/org/assertj/assertj-core/3.19.0/assertj-core-3.19.0.jar:/Users/manismishra/.m2/raptor2/org/hamcrest/hamcrest/2.2/hamcrest-2.2.jar:/Users/manismishra/.m2/raptor2/org/junit/jupiter/junit-jupiter/5.7.2/junit-jupiter-5.7.2.jar:/Users/manismishra/.m2/raptor2/org/junit/jupiter/junit-jupiter-api/5.7.2/junit-jupiter-api-5.7.2.jar:/Users/manismishra/.m2/raptor2/org/apiguardian/apiguardian-api/1.1.0/apiguardian-api-1.1.0.jar:/Users/manismishra/.m2/raptor2/org/opentest4j/opentest4j/1.2.0/opentest4j-1.2.0.jar:/Users/manismishra/.m2/raptor2/org/junit/platform/junit-platform-commons/1.7.2/junit-platform-commons-1.7.2.jar:/Users/manismishra/.m2/raptor2/org/junit/jupiter/junit-jupiter-params/5.7.2/junit-jupiter-params-5.7.2.jar:/Users/manismishra/.m2/raptor2/org/junit/jupiter/junit-jupiter-engine/5.7.2/junit-jupiter-engine-5.7.2.jar:/Users/manismishra/.m2/raptor2/org/junit/platform/junit-platform-engine/1.7.2/junit-platform-engine-1.7.2.jar:/Users/manismishra/.m2/raptor2/org/mockito/mockito-core/3.9.0/mockito-core-3.9.0.jar:/Users/manismishra/.m2/raptor2/net/bytebuddy/byte-buddy/1.10.22/byte-buddy-1.10.22.jar:/Users/manismishra/.m2/raptor2/net/bytebuddy/byte-buddy-agent/1.10.22/byte-buddy-agent-1.10.22.jar:/Users/manismishra/.m2/raptor2/org/objenesis/objenesis/3.2/objenesis-3.2.jar:/Users/manismishra/.m2/raptor2/org/mockito/mockito-junit-jupiter/3.9.0/mockito-junit-jupiter-3.9.0.jar:/Users/manismishra/.m2/raptor2/org/skyscreamer/jsonassert/1.5.0/jsonassert-1.5.0.jar:/Users/manismishra/.m2/raptor2/com/vaadin/external/google/android-json/0.0.20131108.vaadin1/android-json-0.0.20131108.vaadin1.jar:/Users/manismishra/.m2/raptor2/org/springframework/spring-test/5.3.9/spring-test-5.3.9.jar:/Users/manismishra/.m2/raptor2/org/xmlunit/xmlunit-core/2.8.2/xmlunit-core-2.8.2.jar:"/>
    <property name="sun.cpu.endian" value="little"/>
    <property name="user.home" value="/Users/manismishra"/>
    <property name="user.language" value="en"/>
    <property name="java.specification.vendor" value="Oracle Corporation"/>
    <property name="java.home" value="/Library/Java/JavaVirtualMachines/zulu-sa-1.8.0_232.jdk/Contents/Home/jre"/>
    <property name="basedir" value="/Users/manismishra/Projects/first"/>
    <property name="file.separator" value="/"/>
    <property name="line.separator" value="&#10;"/>
    <property name="java.vm.specification.vendor" value="Oracle Corporation"/>
    <property name="java.specification.name" value="Java Platform API Specification"/>
    <property name="java.awt.graphicsenv" value="sun.awt.CGraphicsEnvironment"/>
    <property name="surefire.real.class.path" value="/Users/manismishra/Projects/first/target/surefire/surefirebooter6017369988070535338.jar"/>
    <property name="sun.boot.class.path" value="/Library/Java/JavaVirtualMachines/zulu-sa-1.8.0_232.jdk/Contents/Home/jre/lib/resources.jar:/Library/Java/JavaVirtualMachines/zulu-sa-1.8.0_232.jdk/Contents/Home/jre/lib/rt.jar:/Library/Java/JavaVirtualMachines/zulu-sa-1.8.0_232.jdk/Contents/Home/jre/lib/sunrsasign.jar:/Library/Java/JavaVirtualMachines/zulu-sa-1.8.0_232.jdk/Contents/Home/jre/lib/jsse.jar:/Library/Java/JavaVirtualMachines/zulu-sa-1.8.0_232.jdk/Contents/Home/jre/lib/jce.jar:/Library/Java/JavaVirtualMachines/zulu-sa-1.8.0_232.jdk/Contents/Home/jre/lib/charsets.jar:/Library/Java/JavaVirtualMachines/zulu-sa-1.8.0_232.jdk/Contents/Home/jre/lib/jfr.jar:/Library/Java/JavaVirtualMachines/zulu-sa-1.8.0_232.jdk/Contents/Home/jre/classes"/>
    <property name="sun.management.compiler" value="HotSpot 64-Bit Tiered Compilers"/>
    <property name="ftp.nonProxyHosts" value="local|*.local|169.254/16|*.169.254/16"/>
    <property name="java.runtime.version" value="1.8.0_232-b18"/>
    <property name="user.name" value="manismishra"/>
    <property name="path.separator" value=":"/>
    <property name="os.version" value="10.16"/>
    <property name="java.endorsed.dirs" value="/Library/Java/JavaVirtualMachines/zulu-sa-1.8.0_232.jdk/Contents/Home/jre/lib/endorsed"/>
    <property name="java.runtime.name" value="OpenJDK Runtime Environment"/>
    <property name="file.encoding" value="US-ASCII"/>
    <property name="java.vm.name" value="OpenJDK 64-Bit Server VM"/>
    <property name="localRepository" value="/Users/manismishra/.m2/raptor2"/>
    <property name="java.vendor.url.bug" value="http://www.azulsystems.com/support/"/>
    <property name="java.io.tmpdir" value="/var/folders/_x/pljj5k5x5x78_cxbk6f35wxr0000gq/T/"/>
    <property name="java.version" value="1.8.0_232"/>
    <property name="user.dir" value="/Users/manismishra/Projects/first"/>
    <property name="os.arch" value="x86_64"/>
    <property name="java.vm.specification.name" value="Java Virtual Machine Specification"/>
    <property name="java.awt.printerjob" value="sun.lwawt.macosx.CPrinterJob"/>
    <property name="sun.os.patch.level" value="unknown"/>
    <property name="java.library.path" value="/Users/manismishra/Library/Java/Extensions:/Library/Java/Extensions:/Network/Library/Java/Extensions:/System/Library/Java/Extensions:/usr/lib/java:."/>
    <property name="java.vm.info" value="mixed mode"/>
    <property name="java.vendor" value="Azul Systems, Inc."/>
    <property name="java.vm.version" value="25.232-b18"/>
    <property name="java.ext.dirs" value="/Users/manismishra/Library/Java/Extensions:/Library/Java/JavaVirtualMachines/zulu-sa-1.8.0_232.jdk/Contents/Home/jre/lib/ext:/Library/Java/Extensions:/Network/Library/Java/Extensions:/System/Library/Java/Extensions:/usr/lib/java"/>
    <property name="sun.io.unicode.encoding" value="UnicodeBig"/>
    <property name="java.class.version" value="52.0"/>
    <property name="socksNonProxyHosts" value="local|*.local|169.254/16|*.169.254/16"/>
  </properties>
  <testcase name="contextLoads" classname="com.firstapp.first.SpringProjectApplicationTests" time="0.149"/>
</testsuite>